<?xml version="1.0" encoding="UTF-8"?>
<testng-results ignored="4" total="6" passed="2" failed="0" skipped="0">
  <reporter-output>
  </reporter-output>
  <suite started-at="2023-09-09T08:08:29Z" name="Surefire suite" finished-at="2023-09-09T08:09:25Z" duration-ms="56125">
    <groups>
    </groups>
    <test started-at="2023-09-09T08:08:29Z" name="Surefire test" finished-at="2023-09-09T08:09:25Z" duration-ms="56125">
      <class name="com.qsp.vtiger.products.CreateProductTest">
        <test-method is-config="true" signature="bcConfig()[pri:0, instance:com.qsp.vtiger.products.CreateProductTest@2aceadd4]" started-at="2023-09-09T08:08:53Z" name="bcConfig" finished-at="2023-09-09T08:08:56Z" duration-ms="2383" status="PASS">
          <reporter-output>
          </reporter-output>
        </test-method> <!-- bcConfig -->
        <test-method is-config="true" signature="bmConfig()[pri:0, instance:com.qsp.vtiger.products.CreateProductTest@2aceadd4]" started-at="2023-09-09T08:08:56Z" name="bmConfig" finished-at="2023-09-09T08:08:59Z" duration-ms="3431" status="PASS">
          <reporter-output>
          </reporter-output>
        </test-method> <!-- bmConfig -->
        <test-method signature="createProductAndVerifyProductInformationTest()[pri:0, instance:com.qsp.vtiger.products.CreateProductTest@2aceadd4]" started-at="2023-09-09T08:08:59Z" name="createProductAndVerifyProductInformationTest" finished-at="2023-09-09T08:09:22Z" duration-ms="23025" status="PASS">
          <reporter-output>
          </reporter-output>
        </test-method> <!-- createProductAndVerifyProductInformationTest -->
        <test-method is-config="true" signature="amConfig()[pri:0, instance:com.qsp.vtiger.products.CreateProductTest@2aceadd4]" started-at="2023-09-09T08:09:22Z" name="amConfig" finished-at="2023-09-09T08:09:24Z" duration-ms="1887" status="PASS">
          <reporter-output>
          </reporter-output>
        </test-method> <!-- amConfig -->
        <test-method is-config="true" signature="acConfig()[pri:0, instance:com.qsp.vtiger.products.CreateProductTest@2aceadd4]" started-at="2023-09-09T08:09:24Z" name="acConfig" finished-at="2023-09-09T08:09:25Z" duration-ms="594" status="PASS">
          <reporter-output>
          </reporter-output>
        </test-method> <!-- acConfig -->
      </class> <!-- com.qsp.vtiger.products.CreateProductTest -->
      <class name="com.qsp.vtiger.leads.ToCreateALeadTest">
        <test-method is-config="true" signature="bsConfig()[pri:0, instance:com.qsp.vtiger.leads.ToCreateALeadTest@24269709]" started-at="2023-09-09T08:08:28Z" name="bsConfig" finished-at="2023-09-09T08:08:29Z" duration-ms="418" status="PASS">
          <reporter-output>
          </reporter-output>
        </test-method> <!-- bsConfig -->
        <test-method is-config="true" signature="btConfig()[pri:0, instance:com.qsp.vtiger.leads.ToCreateALeadTest@24269709]" started-at="2023-09-09T08:08:29Z" name="btConfig" finished-at="2023-09-09T08:08:29Z" duration-ms="0" status="PASS">
          <reporter-output>
          </reporter-output>
        </test-method> <!-- btConfig -->
        <test-method is-config="true" signature="bcConfig()[pri:0, instance:com.qsp.vtiger.leads.ToCreateALeadTest@24269709]" started-at="2023-09-09T08:08:29Z" name="bcConfig" finished-at="2023-09-09T08:08:33Z" duration-ms="4393" status="PASS">
          <reporter-output>
          </reporter-output>
        </test-method> <!-- bcConfig -->
        <test-method is-config="true" signature="bmConfig()[pri:0, instance:com.qsp.vtiger.leads.ToCreateALeadTest@24269709]" started-at="2023-09-09T08:08:33Z" name="bmConfig" finished-at="2023-09-09T08:08:37Z" duration-ms="3559" status="PASS">
          <reporter-output>
          </reporter-output>
        </test-method> <!-- bmConfig -->
        <test-method signature="toCreateALeadAndVerifyTheLeadDetailsTest()[pri:0, instance:com.qsp.vtiger.leads.ToCreateALeadTest@24269709]" started-at="2023-09-09T08:08:37Z" name="toCreateALeadAndVerifyTheLeadDetailsTest" finished-at="2023-09-09T08:08:51Z" duration-ms="13945" status="PASS">
          <reporter-output>
          </reporter-output>
        </test-method> <!-- toCreateALeadAndVerifyTheLeadDetailsTest -->
        <test-method is-config="true" signature="amConfig()[pri:0, instance:com.qsp.vtiger.leads.ToCreateALeadTest@24269709]" started-at="2023-09-09T08:08:51Z" name="amConfig" finished-at="2023-09-09T08:08:53Z" duration-ms="2007" status="PASS">
          <reporter-output>
          </reporter-output>
        </test-method> <!-- amConfig -->
        <test-method is-config="true" signature="acConfig()[pri:0, instance:com.qsp.vtiger.leads.ToCreateALeadTest@24269709]" started-at="2023-09-09T08:08:53Z" name="acConfig" finished-at="2023-09-09T08:08:53Z" duration-ms="514" status="PASS">
          <reporter-output>
          </reporter-output>
        </test-method> <!-- acConfig -->
        <test-method is-config="true" signature="atConfig()[pri:0, instance:com.qsp.vtiger.leads.ToCreateALeadTest@24269709]" started-at="2023-09-09T08:09:25Z" name="atConfig" finished-at="2023-09-09T08:09:25Z" duration-ms="0" status="PASS">
          <reporter-output>
          </reporter-output>
        </test-method> <!-- atConfig -->
        <test-method is-config="true" signature="asConfig()[pri:0, instance:com.qsp.vtiger.leads.ToCreateALeadTest@24269709]" started-at="2023-09-09T08:09:25Z" name="asConfig" finished-at="2023-09-09T08:09:25Z" duration-ms="16" status="PASS">
          <reporter-output>
          </reporter-output>
        </test-method> <!-- asConfig -->
      </class> <!-- com.qsp.vtiger.leads.ToCreateALeadTest -->
    </test> <!-- Surefire test -->
  </suite> <!-- Surefire suite -->
</testng-results>
