<?xml version="1.0" encoding="UTF-8"?>
<!-- Generated by org.testng.reporters.JUnitXMLReporter -->
<testsuite ignored="4" hostname="TYSS-Akash-Deb" failures="0" tests="2" name="Surefire test" time="56.125" errors="0" timestamp="09 Sep 2023 08:09:25 GMT">
  <testcase classname="com.qsp.vtiger.leads.ToCreateALeadTest" name="toCreateALeadAndVerifyTheLeadDetailsTest" time="13.945"/>
  <testcase classname="com.qsp.vtiger.products.CreateProductTest" name="createProductAndVerifyProductInformationTest" time="23.025"/>
  <testcase classname="com.qsp.vtiger.genericUtility.BaseClass" name="@AfterSuite asConfig" time="0.0">
    <ignored/>
  </testcase> <!-- @AfterSuite asConfig -->
  <testcase classname="com.qsp.vtiger.genericUtility.BaseClass" name="@BeforeSuite bsConfig" time="0.0">
    <ignored/>
  </testcase> <!-- @BeforeSuite bsConfig -->
  <testcase classname="com.qsp.vtiger.genericUtility.BaseClass" name="@BeforeTest btConfig" time="0.0">
    <ignored/>
  </testcase> <!-- @BeforeTest btConfig -->
  <testcase classname="com.qsp.vtiger.genericUtility.BaseClass" name="@AfterTest atConfig" time="0.0">
    <ignored/>
  </testcase> <!-- @AfterTest atConfig -->
</testsuite> <!-- Surefire test -->
